# --- gofumpt crash signature (excerpt) ---
#12 0.521 go: downloading golang.org/x/mod v0.29.0
#12 0.522 go: downloading golang.org/x/sync v0.17.0
#12 0.528 go: downloading github.com/google/go-cmp v0.7.0
#12 0.529 go: downloading golang.org/x/tools v0.38.0
#12 8.172 stresspkg/f_1.go
#12 8.192 stresspkg/f_10.go
#12 8.194 stresspkg/f_100.go
#12 8.203 stresspkg/f_1000.go
#12 8.203 stresspkg/f_1001.go
#12 8.205 stresspkg/f_1002.go
#12 8.210 stresspkg/f_1003.go
#12 8.239 runtime: marked free object in span 0x5547637208, elemsize=480 freeindex=3 (bad use of unsafe.Pointer or having race conditions? try -d=checkptr or -race)
#12 8.240 0x75ea98188000 alloc unmarked
#12 8.240 0x75ea981881e0 alloc unmarked
#12 8.240 0x75ea981883c0 alloc unmarked
#12 8.240 0x75ea981885a0 free  unmarked
#12 8.240 0x75ea98188780 free  unmarked
#12 8.240 0x75ea98188960 free  unmarked
#12 8.240 0x75ea98188b40 free  unmarked
#12 8.240 0x75ea98188d20 free  unmarked
#12 8.240 0x75ea98188f00 free  unmarked
#12 8.240 0x75ea981890e0 free  unmarked
#12 8.240 0x75ea981892c0 free  unmarked
#12 8.240 0x75ea981894a0 free  unmarked
#12 8.240 0x75ea98189680 free  unmarked
#12 8.240 0x75ea98189860 free  unmarked
#12 8.240 0x75ea98189a40 free  unmarked
#12 8.240 0x75ea98189c20 free  unmarked
#12 8.241 fatal error: found pointer to free object
#12 8.244 
#12 8.244 runtime stack:
#12 8.245 runtime.throw({0x223d9c?, 0x483e0?})
#12 8.246 	/usr/local/go/src/runtime/panic.go:1229 +0x38 fp=0x75ea97aa3c60 sp=0x75ea97aa3c30 pc=0x8e208
#12 8.247 runtime.(*mspan).reportZombies(0x5547637208)
#12 8.247 	/usr/local/go/src/runtime/mgcsweep.go:893 +0x314 fp=0x75ea97aa3ce0 sp=0x75ea97aa3c60 pc=0x487c4
#12 8.248 runtime.(*sweepLocked).sweep(0x75ea97e80160?, 0x0)
#12 8.248 	/usr/local/go/src/runtime/mgcsweep.go:668 +0x4f0 fp=0x75ea97aa3e00 sp=0x75ea97aa3ce0 pc=0x47830
#12 8.248 runtime.(*mcentral).uncacheSpan(0x22fdb745?, 0x0?)
#12 8.248 	/usr/local/go/src/runtime/mcentral.go:237 +0xbc fp=0x75ea97aa3e30 sp=0x75ea97aa3e00 pc=0x3295c
#12 8.248 runtime.(*mcache).releaseAll(0x550081baa8)
#12 8.248 	/usr/local/go/src/runtime/mcache.go:322 +0x188 fp=0x75ea97aa3ea0 sp=0x75ea97aa3e30 pc=0x32208
#12 8.248 runtime.(*mcache).prepareForSweep(0x550081baa8)
#12 8.248 	/usr/local/go/src/runtime/mcache.go:366 +0x4c fp=0x75ea97aa3ed0 sp=0x75ea97aa3ea0 pc=0x3233c

# --- docker build failure summary (excerpt) ---
#12 ERROR: process "/bin/sh -c set -e; i=1; while [ \"$i\" -le \"$STRESS_LOOPS\" ]; do echo \"gofumpt pass $i/$STRESS_LOOPS\"; go tool gofumpt -l -w .; i=$((i+1)); done" did not complete successfully: exit code: 2
------
 > [stage-0 7/7] RUN --mount=type=cache,target=/go-cache set -e; i=1; while [ "$i" -le "40" ]; do echo "gofumpt pass $i/40"; go tool gofumpt -l -w .; i=$((i+1)); done:
9.072 main.processFile({0x75ea97c973c8, 0x13}, {0x232f88, 0x75ea97d38f00}, {0x0?, 0x0?}, 0x75ea97ea88f0, 0x0)
9.072 	/go/pkg/mod/mvdan.cc/gofumpt@v0.9.1/gofmt.go:278 +0x44 fp=0x75ea97c30f30 sp=0x75ea97c30de0 pc=0x1b1fc4
9.072 main.gofmtMain.func3.1(0x0?)
9.072 	/go/pkg/mod/mvdan.cc/gofumpt@v0.9.1/gofmt.go:538 +0x38 fp=0x75ea97c30f80 sp=0x75ea97c30f30 pc=0x1b34a8
9.072 main.(*sequencer).Add.func2()
9.072 	/go/pkg/mod/mvdan.cc/gofumpt@v0.9.1/gofmt.go:189 +0x40 fp=0x75ea97c30fd0 sp=0x75ea97c30f80 pc=0x1b1a00
9.072 runtime.goexit({})
9.072 	/usr/local/go/src/runtime/asm_arm64.s:1447 +0x4 fp=0x75ea97c30fd0 sp=0x75ea97c30fd0 pc=0x94a24
9.072 created by main.(*sequencer).Add in goroutine 1
9.072 	/go/pkg/mod/mvdan.cc/gofumpt@v0.9.1/gofmt.go:188 +0x18c
------
Dockerfile:21
failed to solve: process "/bin/sh -c set -e; i=1; while [ \"$i\" -le \"$STRESS_LOOPS\" ]; do echo \"gofumpt pass $i/$STRESS_LOOPS\"; go tool gofumpt -l -w .; i=$((i+1)); done" did not complete successfully: exit code: 2
